<?xml version="1.0" encoding="UTF-8"?>
<!-- Generated by org.testng.reporters.JUnitReportReporter -->
<testsuite hostname="Ranjan-PC" failures="0" tests="4" name="day1.HttpRequest" time="4.331" errors="0" timestamp="2024-02-21T00:16:16 IST" skipped="0">
  <testcase classname="day1.HttpRequest" name="getUsers" time="2.681"/>
  <testcase classname="day1.HttpRequest" name="createUser" time="0.830"/>
  <testcase classname="day1.HttpRequest" name="updateUser" time="0.428"/>
  <testcase classname="day1.HttpRequest" name="deleteUser" time="0.392"/>
</testsuite> <!-- day1.HttpRequest -->
